<?xml version="1.0" encoding="UTF-8"?>
<testng-results skipped="0" failed="0" ignored="0" total="1" passed="1">
  <reporter-output>
  </reporter-output>
  <suite name="Default suite" duration-ms="141" started-at="2022-05-16T22:25:11 IST" finished-at="2022-05-16T22:25:11 IST">
    <groups>
    </groups>
    <test name="Default test" duration-ms="141" started-at="2022-05-16T22:25:11 IST" finished-at="2022-05-16T22:25:11 IST">
      <class name="com.Array_Practice.PracticeHome">
        <test-method status="PASS" signature="c()[pri:0, instance:com.Array_Practice.PracticeHome@58c1670b]" name="c" duration-ms="17" started-at="2022-05-16T22:25:11 IST" finished-at="2022-05-16T22:25:11 IST">
          <reporter-output>
          </reporter-output>
        </test-method> <!-- c -->
      </class> <!-- com.Array_Practice.PracticeHome -->
    </test> <!-- Default test -->
  </suite> <!-- Default suite -->
</testng-results>
