<?xml version="1.0" encoding="UTF-8"?>
<!-- Generated by org.testng.reporters.JUnitXMLReporter -->
<testsuite ignored="20" hostname="Punit" failures="0" tests="6" name="Test3" time="3.384" errors="0" timestamp="2022-03-17T10:36:58 IST">
  <testcase classname="com.crm.GenericUtility.Base_Class" name="@BeforeClass launch_browser" time="1.446">
    <failure type="io.github.bonigarcia.wdm.config.WebDriverManagerException" message="java.net.UnknownHostException: api.github.com">
      <![CDATA[io.github.bonigarcia.wdm.config.WebDriverManagerException: java.net.UnknownHostException: api.github.com
at io.github.bonigarcia.wdm.WebDriverManager.handleException(WebDriverManager.java:1132)
at io.github.bonigarcia.wdm.WebDriverManager.manage(WebDriverManager.java:925)
at io.github.bonigarcia.wdm.WebDriverManager.fallback(WebDriverManager.java:1148)
at io.github.bonigarcia.wdm.WebDriverManager.handleException(WebDriverManager.java:1125)
at io.github.bonigarcia.wdm.WebDriverManager.manage(WebDriverManager.java:925)
at io.github.bonigarcia.wdm.WebDriverManager.setup(WebDriverManager.java:339)
at com.crm.GenericUtility.Base_Class.launch_browser(Base_Class.java:58)
at java.base/java.util.ArrayList.forEach(ArrayList.java:1511)
at java.base/java.util.concurrent.FutureTask.run(FutureTask.java:264)
at java.base/java.util.concurrent.ThreadPoolExecutor.runWorker(ThreadPoolExecutor.java:1136)
at java.base/java.util.concurrent.ThreadPoolExecutor$Worker.run(ThreadPoolExecutor.java:635)
at java.base/java.lang.Thread.run(Thread.java:833)
Caused by: java.net.UnknownHostException: api.github.com
at java.base/java.net.InetAddress$CachedAddresses.get(InetAddress.java:801)
at java.base/java.net.InetAddress.getAllByName0(InetAddress.java:1509)
at java.base/java.net.InetAddress.getAllByName(InetAddress.java:1367)
at java.base/java.net.InetAddress.getAllByName(InetAddress.java:1301)
at org.apache.hc.client5.http.SystemDefaultDnsResolver.resolve(SystemDefaultDnsResolver.java:43)
at org.apache.hc.client5.http.impl.io.DefaultHttpClientConnectionOperator.connect(DefaultHttpClientConnectionOperator.java:118)
at org.apache.hc.client5.http.impl.io.PoolingHttpClientConnectionManager.connect(PoolingHttpClientConnectionManager.java:409)
at org.apache.hc.client5.http.impl.classic.InternalExecRuntime.connectEndpoint(InternalExecRuntime.java:164)
at org.apache.hc.client5.http.impl.classic.InternalExecRuntime.connectEndpoint(InternalExecRuntime.java:174)
at org.apache.hc.client5.http.impl.classic.ConnectExec.execute(ConnectExec.java:135)
at org.apache.hc.client5.http.impl.classic.ExecChainElement.execute(ExecChainElement.java:51)
at org.apache.hc.client5.http.impl.classic.ExecChainElement$1.proceed(ExecChainElement.java:57)
at org.apache.hc.client5.http.impl.classic.ProtocolExec.execute(ProtocolExec.java:172)
at org.apache.hc.client5.http.impl.classic.ExecChainElement.execute(ExecChainElement.java:51)
at org.apache.hc.client5.http.impl.classic.ExecChainElement$1.proceed(ExecChainElement.java:57)
at org.apache.hc.client5.http.impl.classic.HttpRequestRetryExec.execute(HttpRequestRetryExec.java:93)
at org.apache.hc.client5.http.impl.classic.ExecChainElement.execute(ExecChainElement.java:51)
at org.apache.hc.client5.http.impl.classic.ExecChainElement$1.proceed(ExecChainElement.java:57)
at org.apache.hc.client5.http.impl.classic.ContentCompressionExec.execute(ContentCompressionExec.java:128)
at org.apache.hc.client5.http.impl.classic.ExecChainElement.execute(ExecChainElement.java:51)
at org.apache.hc.client5.http.impl.classic.ExecChainElement$1.proceed(ExecChainElement.java:57)
at org.apache.hc.client5.http.impl.classic.RedirectExec.execute(RedirectExec.java:116)
at org.apache.hc.client5.http.impl.classic.ExecChainElement.execute(ExecChainElement.java:51)
at org.apache.hc.client5.http.impl.classic.InternalHttpClient.doExecute(InternalHttpClient.java:178)
at org.apache.hc.client5.http.impl.classic.CloseableHttpClient.execute(CloseableHttpClient.java:75)
at org.apache.hc.client5.http.impl.classic.CloseableHttpClient.execute(CloseableHttpClient.java:89)
at io.github.bonigarcia.wdm.online.HttpClient.execute(HttpClient.java:158)
at io.github.bonigarcia.wdm.WebDriverManager.openGitHubConnection(WebDriverManager.java:1308)
at io.github.bonigarcia.wdm.WebDriverManager.getDriversFromGitHub(WebDriverManager.java:1322)
at io.github.bonigarcia.wdm.managers.FirefoxDriverManager.getDriverUrls(FirefoxDriverManager.java:95)
at io.github.bonigarcia.wdm.WebDriverManager.createUrlHandler(WebDriverManager.java:1153)
at io.github.bonigarcia.wdm.WebDriverManager.download(WebDriverManager.java:1001)
at io.github.bonigarcia.wdm.WebDriverManager.manage(WebDriverManager.java:919)
... 26 more
... Removed 16 stack frames]]>
    </failure>
  </testcase> <!-- @BeforeClass launch_browser -->
  <testcase classname="com.crm.GenericUtility.Base_Class" name="@BeforeMethod login" time="-1.647493616495E9">
    <skipped/>
  </testcase> <!-- @BeforeMethod login -->
  <testcase classname="com.crm.GenericUtility.Base_Class" name="@AfterMethod logout" time="-1.647493616527E9">
    <skipped/>
  </testcase> <!-- @AfterMethod logout -->
  <testcase classname="com.crm.GenericUtility.Base_Class" name="@AfterClass close_browser" time="-1.647493616536E9">
    <skipped/>
  </testcase> <!-- @AfterClass close_browser -->
  <testcase classname="com.crm.GenericUtility.Base_Class" name="@BeforeClass launch_browser" time="0.329">
    <failure type="io.github.bonigarcia.wdm.config.WebDriverManagerException" message="java.net.UnknownHostException: api.github.com">
      <![CDATA[io.github.bonigarcia.wdm.config.WebDriverManagerException: java.net.UnknownHostException: api.github.com
at io.github.bonigarcia.wdm.WebDriverManager.handleException(WebDriverManager.java:1132)
at io.github.bonigarcia.wdm.WebDriverManager.manage(WebDriverManager.java:925)
at io.github.bonigarcia.wdm.WebDriverManager.fallback(WebDriverManager.java:1148)
at io.github.bonigarcia.wdm.WebDriverManager.handleException(WebDriverManager.java:1125)
at io.github.bonigarcia.wdm.WebDriverManager.manage(WebDriverManager.java:925)
at io.github.bonigarcia.wdm.WebDriverManager.setup(WebDriverManager.java:339)
at com.crm.GenericUtility.Base_Class.launch_browser(Base_Class.java:58)
at java.base/java.util.ArrayList.forEach(ArrayList.java:1511)
at java.base/java.util.concurrent.FutureTask.run(FutureTask.java:264)
at java.base/java.util.concurrent.ThreadPoolExecutor.runWorker(ThreadPoolExecutor.java:1136)
at java.base/java.util.concurrent.ThreadPoolExecutor$Worker.run(ThreadPoolExecutor.java:635)
at java.base/java.lang.Thread.run(Thread.java:833)
Caused by: java.net.UnknownHostException: api.github.com
at java.base/java.net.InetAddress$CachedAddresses.get(InetAddress.java:801)
at java.base/java.net.InetAddress.getAllByName0(InetAddress.java:1509)
at java.base/java.net.InetAddress.getAllByName(InetAddress.java:1367)
at java.base/java.net.InetAddress.getAllByName(InetAddress.java:1301)
at org.apache.hc.client5.http.SystemDefaultDnsResolver.resolve(SystemDefaultDnsResolver.java:43)
at org.apache.hc.client5.http.impl.io.DefaultHttpClientConnectionOperator.connect(DefaultHttpClientConnectionOperator.java:118)
at org.apache.hc.client5.http.impl.io.PoolingHttpClientConnectionManager.connect(PoolingHttpClientConnectionManager.java:409)
at org.apache.hc.client5.http.impl.classic.InternalExecRuntime.connectEndpoint(InternalExecRuntime.java:164)
at org.apache.hc.client5.http.impl.classic.InternalExecRuntime.connectEndpoint(InternalExecRuntime.java:174)
at org.apache.hc.client5.http.impl.classic.ConnectExec.execute(ConnectExec.java:135)
at org.apache.hc.client5.http.impl.classic.ExecChainElement.execute(ExecChainElement.java:51)
at org.apache.hc.client5.http.impl.classic.ExecChainElement$1.proceed(ExecChainElement.java:57)
at org.apache.hc.client5.http.impl.classic.ProtocolExec.execute(ProtocolExec.java:172)
at org.apache.hc.client5.http.impl.classic.ExecChainElement.execute(ExecChainElement.java:51)
at org.apache.hc.client5.http.impl.classic.ExecChainElement$1.proceed(ExecChainElement.java:57)
at org.apache.hc.client5.http.impl.classic.HttpRequestRetryExec.execute(HttpRequestRetryExec.java:93)
at org.apache.hc.client5.http.impl.classic.ExecChainElement.execute(ExecChainElement.java:51)
at org.apache.hc.client5.http.impl.classic.ExecChainElement$1.proceed(ExecChainElement.java:57)
at org.apache.hc.client5.http.impl.classic.ContentCompressionExec.execute(ContentCompressionExec.java:128)
at org.apache.hc.client5.http.impl.classic.ExecChainElement.execute(ExecChainElement.java:51)
at org.apache.hc.client5.http.impl.classic.ExecChainElement$1.proceed(ExecChainElement.java:57)
at org.apache.hc.client5.http.impl.classic.RedirectExec.execute(RedirectExec.java:116)
at org.apache.hc.client5.http.impl.classic.ExecChainElement.execute(ExecChainElement.java:51)
at org.apache.hc.client5.http.impl.classic.InternalHttpClient.doExecute(InternalHttpClient.java:178)
at org.apache.hc.client5.http.impl.classic.CloseableHttpClient.execute(CloseableHttpClient.java:75)
at org.apache.hc.client5.http.impl.classic.CloseableHttpClient.execute(CloseableHttpClient.java:89)
at io.github.bonigarcia.wdm.online.HttpClient.execute(HttpClient.java:158)
at io.github.bonigarcia.wdm.WebDriverManager.openGitHubConnection(WebDriverManager.java:1308)
at io.github.bonigarcia.wdm.WebDriverManager.getDriversFromGitHub(WebDriverManager.java:1322)
at io.github.bonigarcia.wdm.managers.FirefoxDriverManager.getDriverUrls(FirefoxDriverManager.java:95)
at io.github.bonigarcia.wdm.WebDriverManager.createUrlHandler(WebDriverManager.java:1153)
at io.github.bonigarcia.wdm.WebDriverManager.download(WebDriverManager.java:1001)
at io.github.bonigarcia.wdm.WebDriverManager.manage(WebDriverManager.java:919)
... 26 more
... Removed 16 stack frames]]>
    </failure>
  </testcase> <!-- @BeforeClass launch_browser -->
  <testcase classname="com.crm.GenericUtility.Base_Class" name="@BeforeMethod login" time="-1.647493616882E9">
    <skipped/>
  </testcase> <!-- @BeforeMethod login -->
  <testcase classname="com.crm.GenericUtility.Base_Class" name="@AfterMethod logout" time="-1.647493616959E9">
    <skipped/>
  </testcase> <!-- @AfterMethod logout -->
  <testcase classname="com.crm.GenericUtility.Base_Class" name="@AfterClass close_browser" time="-1.647493616962E9">
    <skipped/>
  </testcase> <!-- @AfterClass close_browser -->
  <testcase classname="com.crm.GenericUtility.Base_Class" name="@BeforeClass launch_browser" time="0.336">
    <failure type="io.github.bonigarcia.wdm.config.WebDriverManagerException" message="java.net.UnknownHostException: api.github.com">
      <![CDATA[io.github.bonigarcia.wdm.config.WebDriverManagerException: java.net.UnknownHostException: api.github.com
at io.github.bonigarcia.wdm.WebDriverManager.handleException(WebDriverManager.java:1132)
at io.github.bonigarcia.wdm.WebDriverManager.manage(WebDriverManager.java:925)
at io.github.bonigarcia.wdm.WebDriverManager.fallback(WebDriverManager.java:1148)
at io.github.bonigarcia.wdm.WebDriverManager.handleException(WebDriverManager.java:1125)
at io.github.bonigarcia.wdm.WebDriverManager.manage(WebDriverManager.java:925)
at io.github.bonigarcia.wdm.WebDriverManager.setup(WebDriverManager.java:339)
at com.crm.GenericUtility.Base_Class.launch_browser(Base_Class.java:58)
at java.base/java.util.ArrayList.forEach(ArrayList.java:1511)
at java.base/java.util.concurrent.FutureTask.run(FutureTask.java:264)
at java.base/java.util.concurrent.ThreadPoolExecutor.runWorker(ThreadPoolExecutor.java:1136)
at java.base/java.util.concurrent.ThreadPoolExecutor$Worker.run(ThreadPoolExecutor.java:635)
at java.base/java.lang.Thread.run(Thread.java:833)
Caused by: java.net.UnknownHostException: api.github.com
at java.base/java.net.InetAddress$CachedAddresses.get(InetAddress.java:801)
at java.base/java.net.InetAddress.getAllByName0(InetAddress.java:1509)
at java.base/java.net.InetAddress.getAllByName(InetAddress.java:1367)
at java.base/java.net.InetAddress.getAllByName(InetAddress.java:1301)
at org.apache.hc.client5.http.SystemDefaultDnsResolver.resolve(SystemDefaultDnsResolver.java:43)
at org.apache.hc.client5.http.impl.io.DefaultHttpClientConnectionOperator.connect(DefaultHttpClientConnectionOperator.java:118)
at org.apache.hc.client5.http.impl.io.PoolingHttpClientConnectionManager.connect(PoolingHttpClientConnectionManager.java:409)
at org.apache.hc.client5.http.impl.classic.InternalExecRuntime.connectEndpoint(InternalExecRuntime.java:164)
at org.apache.hc.client5.http.impl.classic.InternalExecRuntime.connectEndpoint(InternalExecRuntime.java:174)
at org.apache.hc.client5.http.impl.classic.ConnectExec.execute(ConnectExec.java:135)
at org.apache.hc.client5.http.impl.classic.ExecChainElement.execute(ExecChainElement.java:51)
at org.apache.hc.client5.http.impl.classic.ExecChainElement$1.proceed(ExecChainElement.java:57)
at org.apache.hc.client5.http.impl.classic.ProtocolExec.execute(ProtocolExec.java:172)
at org.apache.hc.client5.http.impl.classic.ExecChainElement.execute(ExecChainElement.java:51)
at org.apache.hc.client5.http.impl.classic.ExecChainElement$1.proceed(ExecChainElement.java:57)
at org.apache.hc.client5.http.impl.classic.HttpRequestRetryExec.execute(HttpRequestRetryExec.java:93)
at org.apache.hc.client5.http.impl.classic.ExecChainElement.execute(ExecChainElement.java:51)
at org.apache.hc.client5.http.impl.classic.ExecChainElement$1.proceed(ExecChainElement.java:57)
at org.apache.hc.client5.http.impl.classic.ContentCompressionExec.execute(ContentCompressionExec.java:128)
at org.apache.hc.client5.http.impl.classic.ExecChainElement.execute(ExecChainElement.java:51)
at org.apache.hc.client5.http.impl.classic.ExecChainElement$1.proceed(ExecChainElement.java:57)
at org.apache.hc.client5.http.impl.classic.RedirectExec.execute(RedirectExec.java:116)
at org.apache.hc.client5.http.impl.classic.ExecChainElement.execute(ExecChainElement.java:51)
at org.apache.hc.client5.http.impl.classic.InternalHttpClient.doExecute(InternalHttpClient.java:178)
at org.apache.hc.client5.http.impl.classic.CloseableHttpClient.execute(CloseableHttpClient.java:75)
at org.apache.hc.client5.http.impl.classic.CloseableHttpClient.execute(CloseableHttpClient.java:89)
at io.github.bonigarcia.wdm.online.HttpClient.execute(HttpClient.java:158)
at io.github.bonigarcia.wdm.WebDriverManager.openGitHubConnection(WebDriverManager.java:1308)
at io.github.bonigarcia.wdm.WebDriverManager.getDriversFromGitHub(WebDriverManager.java:1322)
at io.github.bonigarcia.wdm.managers.FirefoxDriverManager.getDriverUrls(FirefoxDriverManager.java:95)
at io.github.bonigarcia.wdm.WebDriverManager.createUrlHandler(WebDriverManager.java:1153)
at io.github.bonigarcia.wdm.WebDriverManager.download(WebDriverManager.java:1001)
at io.github.bonigarcia.wdm.WebDriverManager.manage(WebDriverManager.java:919)
... 26 more
... Removed 16 stack frames]]>
    </failure>
  </testcase> <!-- @BeforeClass launch_browser -->
  <testcase classname="com.crm.GenericUtility.Base_Class" name="@BeforeMethod login" time="-1.647493617306E9">
    <skipped/>
  </testcase> <!-- @BeforeMethod login -->
  <testcase classname="com.crm.GenericUtility.Base_Class" name="@AfterMethod logout" time="-1.647493617322E9">
    <skipped/>
  </testcase> <!-- @AfterMethod logout -->
  <testcase classname="com.crm.GenericUtility.Base_Class" name="@AfterClass close_browser" time="-1.647493617324E9">
    <skipped/>
  </testcase> <!-- @AfterClass close_browser -->
  <testcase classname="com.crm.GenericUtility.Base_Class" name="@BeforeClass launch_browser" time="0.357">
    <failure type="io.github.bonigarcia.wdm.config.WebDriverManagerException" message="java.net.UnknownHostException: api.github.com">
      <![CDATA[io.github.bonigarcia.wdm.config.WebDriverManagerException: java.net.UnknownHostException: api.github.com
at io.github.bonigarcia.wdm.WebDriverManager.handleException(WebDriverManager.java:1132)
at io.github.bonigarcia.wdm.WebDriverManager.manage(WebDriverManager.java:925)
at io.github.bonigarcia.wdm.WebDriverManager.fallback(WebDriverManager.java:1148)
at io.github.bonigarcia.wdm.WebDriverManager.handleException(WebDriverManager.java:1125)
at io.github.bonigarcia.wdm.WebDriverManager.manage(WebDriverManager.java:925)
at io.github.bonigarcia.wdm.WebDriverManager.setup(WebDriverManager.java:339)
at com.crm.GenericUtility.Base_Class.launch_browser(Base_Class.java:58)
at java.base/java.util.ArrayList.forEach(ArrayList.java:1511)
at java.base/java.util.concurrent.FutureTask.run(FutureTask.java:264)
at java.base/java.util.concurrent.ThreadPoolExecutor.runWorker(ThreadPoolExecutor.java:1136)
at java.base/java.util.concurrent.ThreadPoolExecutor$Worker.run(ThreadPoolExecutor.java:635)
at java.base/java.lang.Thread.run(Thread.java:833)
Caused by: java.net.UnknownHostException: api.github.com
at java.base/java.net.InetAddress$CachedAddresses.get(InetAddress.java:801)
at java.base/java.net.InetAddress.getAllByName0(InetAddress.java:1509)
at java.base/java.net.InetAddress.getAllByName(InetAddress.java:1367)
at java.base/java.net.InetAddress.getAllByName(InetAddress.java:1301)
at org.apache.hc.client5.http.SystemDefaultDnsResolver.resolve(SystemDefaultDnsResolver.java:43)
at org.apache.hc.client5.http.impl.io.DefaultHttpClientConnectionOperator.connect(DefaultHttpClientConnectionOperator.java:118)
at org.apache.hc.client5.http.impl.io.PoolingHttpClientConnectionManager.connect(PoolingHttpClientConnectionManager.java:409)
at org.apache.hc.client5.http.impl.classic.InternalExecRuntime.connectEndpoint(InternalExecRuntime.java:164)
at org.apache.hc.client5.http.impl.classic.InternalExecRuntime.connectEndpoint(InternalExecRuntime.java:174)
at org.apache.hc.client5.http.impl.classic.ConnectExec.execute(ConnectExec.java:135)
at org.apache.hc.client5.http.impl.classic.ExecChainElement.execute(ExecChainElement.java:51)
at org.apache.hc.client5.http.impl.classic.ExecChainElement$1.proceed(ExecChainElement.java:57)
at org.apache.hc.client5.http.impl.classic.ProtocolExec.execute(ProtocolExec.java:172)
at org.apache.hc.client5.http.impl.classic.ExecChainElement.execute(ExecChainElement.java:51)
at org.apache.hc.client5.http.impl.classic.ExecChainElement$1.proceed(ExecChainElement.java:57)
at org.apache.hc.client5.http.impl.classic.HttpRequestRetryExec.execute(HttpRequestRetryExec.java:93)
at org.apache.hc.client5.http.impl.classic.ExecChainElement.execute(ExecChainElement.java:51)
at org.apache.hc.client5.http.impl.classic.ExecChainElement$1.proceed(ExecChainElement.java:57)
at org.apache.hc.client5.http.impl.classic.ContentCompressionExec.execute(ContentCompressionExec.java:128)
at org.apache.hc.client5.http.impl.classic.ExecChainElement.execute(ExecChainElement.java:51)
at org.apache.hc.client5.http.impl.classic.ExecChainElement$1.proceed(ExecChainElement.java:57)
at org.apache.hc.client5.http.impl.classic.RedirectExec.execute(RedirectExec.java:116)
at org.apache.hc.client5.http.impl.classic.ExecChainElement.execute(ExecChainElement.java:51)
at org.apache.hc.client5.http.impl.classic.InternalHttpClient.doExecute(InternalHttpClient.java:178)
at org.apache.hc.client5.http.impl.classic.CloseableHttpClient.execute(CloseableHttpClient.java:75)
at org.apache.hc.client5.http.impl.classic.CloseableHttpClient.execute(CloseableHttpClient.java:89)
at io.github.bonigarcia.wdm.online.HttpClient.execute(HttpClient.java:158)
at io.github.bonigarcia.wdm.WebDriverManager.openGitHubConnection(WebDriverManager.java:1308)
at io.github.bonigarcia.wdm.WebDriverManager.getDriversFromGitHub(WebDriverManager.java:1322)
at io.github.bonigarcia.wdm.managers.FirefoxDriverManager.getDriverUrls(FirefoxDriverManager.java:95)
at io.github.bonigarcia.wdm.WebDriverManager.createUrlHandler(WebDriverManager.java:1153)
at io.github.bonigarcia.wdm.WebDriverManager.download(WebDriverManager.java:1001)
at io.github.bonigarcia.wdm.WebDriverManager.manage(WebDriverManager.java:919)
... 26 more
... Removed 16 stack frames]]>
    </failure>
  </testcase> <!-- @BeforeClass launch_browser -->
  <testcase classname="com.crm.GenericUtility.Base_Class" name="@BeforeMethod login" time="-1.647493617698E9">
    <skipped/>
  </testcase> <!-- @BeforeMethod login -->
  <testcase classname="com.crm.GenericUtility.Base_Class" name="@AfterMethod logout" time="-1.647493617706E9">
    <skipped/>
  </testcase> <!-- @AfterMethod logout -->
  <testcase classname="com.crm.GenericUtility.Base_Class" name="@AfterClass close_browser" time="-1.647493617709E9">
    <skipped/>
  </testcase> <!-- @AfterClass close_browser -->
  <testcase classname="com.crm.GenericUtility.Base_Class" name="@BeforeClass launch_browser" time="0.281">
    <failure type="io.github.bonigarcia.wdm.config.WebDriverManagerException" message="java.net.UnknownHostException: api.github.com">
      <![CDATA[io.github.bonigarcia.wdm.config.WebDriverManagerException: java.net.UnknownHostException: api.github.com
at io.github.bonigarcia.wdm.WebDriverManager.handleException(WebDriverManager.java:1132)
at io.github.bonigarcia.wdm.WebDriverManager.manage(WebDriverManager.java:925)
at io.github.bonigarcia.wdm.WebDriverManager.fallback(WebDriverManager.java:1148)
at io.github.bonigarcia.wdm.WebDriverManager.handleException(WebDriverManager.java:1125)
at io.github.bonigarcia.wdm.WebDriverManager.manage(WebDriverManager.java:925)
at io.github.bonigarcia.wdm.WebDriverManager.setup(WebDriverManager.java:339)
at com.crm.GenericUtility.Base_Class.launch_browser(Base_Class.java:58)
at java.base/java.util.ArrayList.forEach(ArrayList.java:1511)
at java.base/java.util.concurrent.FutureTask.run(FutureTask.java:264)
at java.base/java.util.concurrent.ThreadPoolExecutor.runWorker(ThreadPoolExecutor.java:1136)
at java.base/java.util.concurrent.ThreadPoolExecutor$Worker.run(ThreadPoolExecutor.java:635)
at java.base/java.lang.Thread.run(Thread.java:833)
Caused by: java.net.UnknownHostException: api.github.com
at java.base/java.net.InetAddress$CachedAddresses.get(InetAddress.java:801)
at java.base/java.net.InetAddress.getAllByName0(InetAddress.java:1509)
at java.base/java.net.InetAddress.getAllByName(InetAddress.java:1367)
at java.base/java.net.InetAddress.getAllByName(InetAddress.java:1301)
at org.apache.hc.client5.http.SystemDefaultDnsResolver.resolve(SystemDefaultDnsResolver.java:43)
at org.apache.hc.client5.http.impl.io.DefaultHttpClientConnectionOperator.connect(DefaultHttpClientConnectionOperator.java:118)
at org.apache.hc.client5.http.impl.io.PoolingHttpClientConnectionManager.connect(PoolingHttpClientConnectionManager.java:409)
at org.apache.hc.client5.http.impl.classic.InternalExecRuntime.connectEndpoint(InternalExecRuntime.java:164)
at org.apache.hc.client5.http.impl.classic.InternalExecRuntime.connectEndpoint(InternalExecRuntime.java:174)
at org.apache.hc.client5.http.impl.classic.ConnectExec.execute(ConnectExec.java:135)
at org.apache.hc.client5.http.impl.classic.ExecChainElement.execute(ExecChainElement.java:51)
at org.apache.hc.client5.http.impl.classic.ExecChainElement$1.proceed(ExecChainElement.java:57)
at org.apache.hc.client5.http.impl.classic.ProtocolExec.execute(ProtocolExec.java:172)
at org.apache.hc.client5.http.impl.classic.ExecChainElement.execute(ExecChainElement.java:51)
at org.apache.hc.client5.http.impl.classic.ExecChainElement$1.proceed(ExecChainElement.java:57)
at org.apache.hc.client5.http.impl.classic.HttpRequestRetryExec.execute(HttpRequestRetryExec.java:93)
at org.apache.hc.client5.http.impl.classic.ExecChainElement.execute(ExecChainElement.java:51)
at org.apache.hc.client5.http.impl.classic.ExecChainElement$1.proceed(ExecChainElement.java:57)
at org.apache.hc.client5.http.impl.classic.ContentCompressionExec.execute(ContentCompressionExec.java:128)
at org.apache.hc.client5.http.impl.classic.ExecChainElement.execute(ExecChainElement.java:51)
at org.apache.hc.client5.http.impl.classic.ExecChainElement$1.proceed(ExecChainElement.java:57)
at org.apache.hc.client5.http.impl.classic.RedirectExec.execute(RedirectExec.java:116)
at org.apache.hc.client5.http.impl.classic.ExecChainElement.execute(ExecChainElement.java:51)
at org.apache.hc.client5.http.impl.classic.InternalHttpClient.doExecute(InternalHttpClient.java:178)
at org.apache.hc.client5.http.impl.classic.CloseableHttpClient.execute(CloseableHttpClient.java:75)
at org.apache.hc.client5.http.impl.classic.CloseableHttpClient.execute(CloseableHttpClient.java:89)
at io.github.bonigarcia.wdm.online.HttpClient.execute(HttpClient.java:158)
at io.github.bonigarcia.wdm.WebDriverManager.openGitHubConnection(WebDriverManager.java:1308)
at io.github.bonigarcia.wdm.WebDriverManager.getDriversFromGitHub(WebDriverManager.java:1322)
at io.github.bonigarcia.wdm.managers.FirefoxDriverManager.getDriverUrls(FirefoxDriverManager.java:95)
at io.github.bonigarcia.wdm.WebDriverManager.createUrlHandler(WebDriverManager.java:1153)
at io.github.bonigarcia.wdm.WebDriverManager.download(WebDriverManager.java:1001)
at io.github.bonigarcia.wdm.WebDriverManager.manage(WebDriverManager.java:919)
... 26 more
... Removed 16 stack frames]]>
    </failure>
  </testcase> <!-- @BeforeClass launch_browser -->
  <testcase classname="com.crm.GenericUtility.Base_Class" name="@BeforeMethod login" time="-1.647493617999E9">
    <skipped/>
  </testcase> <!-- @BeforeMethod login -->
  <testcase classname="com.crm.GenericUtility.Base_Class" name="@AfterMethod logout" time="-1.647493618005E9">
    <skipped/>
  </testcase> <!-- @AfterMethod logout -->
  <testcase classname="com.crm.GenericUtility.Base_Class" name="@AfterClass close_browser" time="-1.647493618007E9">
    <skipped/>
  </testcase> <!-- @AfterClass close_browser -->
  <testcase classname="com.crm.GenericUtility.Base_Class" name="@BeforeClass launch_browser" time="0.329">
    <failure type="io.github.bonigarcia.wdm.config.WebDriverManagerException" message="java.net.UnknownHostException: api.github.com">
      <![CDATA[io.github.bonigarcia.wdm.config.WebDriverManagerException: java.net.UnknownHostException: api.github.com
at io.github.bonigarcia.wdm.WebDriverManager.handleException(WebDriverManager.java:1132)
at io.github.bonigarcia.wdm.WebDriverManager.manage(WebDriverManager.java:925)
at io.github.bonigarcia.wdm.WebDriverManager.fallback(WebDriverManager.java:1148)
at io.github.bonigarcia.wdm.WebDriverManager.handleException(WebDriverManager.java:1125)
at io.github.bonigarcia.wdm.WebDriverManager.manage(WebDriverManager.java:925)
at io.github.bonigarcia.wdm.WebDriverManager.setup(WebDriverManager.java:339)
at com.crm.GenericUtility.Base_Class.launch_browser(Base_Class.java:58)
at java.base/java.util.ArrayList.forEach(ArrayList.java:1511)
at java.base/java.util.concurrent.FutureTask.run(FutureTask.java:264)
at java.base/java.util.concurrent.ThreadPoolExecutor.runWorker(ThreadPoolExecutor.java:1136)
at java.base/java.util.concurrent.ThreadPoolExecutor$Worker.run(ThreadPoolExecutor.java:635)
at java.base/java.lang.Thread.run(Thread.java:833)
Caused by: java.net.UnknownHostException: api.github.com
at java.base/java.net.InetAddress$CachedAddresses.get(InetAddress.java:801)
at java.base/java.net.InetAddress.getAllByName0(InetAddress.java:1509)
at java.base/java.net.InetAddress.getAllByName(InetAddress.java:1367)
at java.base/java.net.InetAddress.getAllByName(InetAddress.java:1301)
at org.apache.hc.client5.http.SystemDefaultDnsResolver.resolve(SystemDefaultDnsResolver.java:43)
at org.apache.hc.client5.http.impl.io.DefaultHttpClientConnectionOperator.connect(DefaultHttpClientConnectionOperator.java:118)
at org.apache.hc.client5.http.impl.io.PoolingHttpClientConnectionManager.connect(PoolingHttpClientConnectionManager.java:409)
at org.apache.hc.client5.http.impl.classic.InternalExecRuntime.connectEndpoint(InternalExecRuntime.java:164)
at org.apache.hc.client5.http.impl.classic.InternalExecRuntime.connectEndpoint(InternalExecRuntime.java:174)
at org.apache.hc.client5.http.impl.classic.ConnectExec.execute(ConnectExec.java:135)
at org.apache.hc.client5.http.impl.classic.ExecChainElement.execute(ExecChainElement.java:51)
at org.apache.hc.client5.http.impl.classic.ExecChainElement$1.proceed(ExecChainElement.java:57)
at org.apache.hc.client5.http.impl.classic.ProtocolExec.execute(ProtocolExec.java:172)
at org.apache.hc.client5.http.impl.classic.ExecChainElement.execute(ExecChainElement.java:51)
at org.apache.hc.client5.http.impl.classic.ExecChainElement$1.proceed(ExecChainElement.java:57)
at org.apache.hc.client5.http.impl.classic.HttpRequestRetryExec.execute(HttpRequestRetryExec.java:93)
at org.apache.hc.client5.http.impl.classic.ExecChainElement.execute(ExecChainElement.java:51)
at org.apache.hc.client5.http.impl.classic.ExecChainElement$1.proceed(ExecChainElement.java:57)
at org.apache.hc.client5.http.impl.classic.ContentCompressionExec.execute(ContentCompressionExec.java:128)
at org.apache.hc.client5.http.impl.classic.ExecChainElement.execute(ExecChainElement.java:51)
at org.apache.hc.client5.http.impl.classic.ExecChainElement$1.proceed(ExecChainElement.java:57)
at org.apache.hc.client5.http.impl.classic.RedirectExec.execute(RedirectExec.java:116)
at org.apache.hc.client5.http.impl.classic.ExecChainElement.execute(ExecChainElement.java:51)
at org.apache.hc.client5.http.impl.classic.InternalHttpClient.doExecute(InternalHttpClient.java:178)
at org.apache.hc.client5.http.impl.classic.CloseableHttpClient.execute(CloseableHttpClient.java:75)
at org.apache.hc.client5.http.impl.classic.CloseableHttpClient.execute(CloseableHttpClient.java:89)
at io.github.bonigarcia.wdm.online.HttpClient.execute(HttpClient.java:158)
at io.github.bonigarcia.wdm.WebDriverManager.openGitHubConnection(WebDriverManager.java:1308)
at io.github.bonigarcia.wdm.WebDriverManager.getDriversFromGitHub(WebDriverManager.java:1322)
at io.github.bonigarcia.wdm.managers.FirefoxDriverManager.getDriverUrls(FirefoxDriverManager.java:95)
at io.github.bonigarcia.wdm.WebDriverManager.createUrlHandler(WebDriverManager.java:1153)
at io.github.bonigarcia.wdm.WebDriverManager.download(WebDriverManager.java:1001)
at io.github.bonigarcia.wdm.WebDriverManager.manage(WebDriverManager.java:919)
... 26 more
... Removed 16 stack frames]]>
    </failure>
  </testcase> <!-- @BeforeClass launch_browser -->
  <testcase classname="com.crm.GenericUtility.Base_Class" name="@BeforeMethod login" time="-1.647493618344E9">
    <skipped/>
  </testcase> <!-- @BeforeMethod login -->
  <testcase classname="com.crm.GenericUtility.Base_Class" name="@AfterMethod logout" time="-1.64749361835E9">
    <skipped/>
  </testcase> <!-- @AfterMethod logout -->
  <testcase classname="com.crm.GenericUtility.Base_Class" name="@AfterClass close_browser" time="-1.647493618352E9">
    <skipped/>
  </testcase> <!-- @AfterClass close_browser -->
  <testcase classname="com.createOrganizationIndustry.CreateOrganizationwithIndustryTest" name="create_organization_with_industry" time="0.001">
    <skipped/>
  </testcase> <!-- create_organization_with_industry -->
  <testcase classname="com.CreateContactWithOrganisation.CreateContactWithOrganizationTest" name="create_contact_with_organization" time="0.0">
    <skipped/>
  </testcase> <!-- create_contact_with_organization -->
  <testcase classname="com.createPurchaseOrder.CreatePurchaseOrder2Test" name="create_purchase_order" time="0.0">
    <skipped/>
  </testcase> <!-- create_purchase_order -->
  <testcase classname="com.createPurchaseOrder.CreatePurchaseOrderTest" name="create_purchase_order" time="0.0">
    <skipped/>
  </testcase> <!-- create_purchase_order -->
  <testcase classname="com.CampaignWithProduct.CreateCampaignWithProduct" name="create_campaign_with_product" time="0.0">
    <skipped/>
  </testcase> <!-- create_campaign_with_product -->
  <testcase classname="com.Create_Product.CreateProductTest" name="create_product" time="0.0">
    <skipped/>
  </testcase> <!-- create_product -->
  <testcase classname="com.crm.GenericUtility.Base_Class" name="@BeforeSuite database_connection" time="0.0">
    <ignored/>
  </testcase> <!-- @BeforeSuite database_connection -->
  <testcase classname="com.crm.GenericUtility.Base_Class" name="@BeforeSuite database_connection" time="0.0">
    <ignored/>
  </testcase> <!-- @BeforeSuite database_connection -->
  <testcase classname="com.crm.GenericUtility.Base_Class" name="@BeforeSuite database_connection" time="0.0">
    <ignored/>
  </testcase> <!-- @BeforeSuite database_connection -->
  <testcase classname="com.crm.GenericUtility.Base_Class" name="@BeforeSuite database_connection" time="0.0">
    <ignored/>
  </testcase> <!-- @BeforeSuite database_connection -->
  <testcase classname="com.crm.GenericUtility.Base_Class" name="@BeforeSuite database_connection" time="0.0">
    <ignored/>
  </testcase> <!-- @BeforeSuite database_connection -->
  <testcase classname="com.crm.GenericUtility.Base_Class" name="@BeforeTest before_test" time="0.0">
    <ignored/>
  </testcase> <!-- @BeforeTest before_test -->
  <testcase classname="com.crm.GenericUtility.Base_Class" name="@BeforeTest before_test" time="0.0">
    <ignored/>
  </testcase> <!-- @BeforeTest before_test -->
  <testcase classname="com.crm.GenericUtility.Base_Class" name="@BeforeTest before_test" time="0.0">
    <ignored/>
  </testcase> <!-- @BeforeTest before_test -->
  <testcase classname="com.crm.GenericUtility.Base_Class" name="@BeforeTest before_test" time="0.0">
    <ignored/>
  </testcase> <!-- @BeforeTest before_test -->
  <testcase classname="com.crm.GenericUtility.Base_Class" name="@BeforeTest before_test" time="0.0">
    <ignored/>
  </testcase> <!-- @BeforeTest before_test -->
  <testcase classname="com.crm.GenericUtility.Base_Class" name="@AfterSuite close_database_connection" time="0.0">
    <ignored/>
  </testcase> <!-- @AfterSuite close_database_connection -->
  <testcase classname="com.crm.GenericUtility.Base_Class" name="@AfterSuite close_database_connection" time="0.0">
    <ignored/>
  </testcase> <!-- @AfterSuite close_database_connection -->
  <testcase classname="com.crm.GenericUtility.Base_Class" name="@AfterSuite close_database_connection" time="0.0">
    <ignored/>
  </testcase> <!-- @AfterSuite close_database_connection -->
  <testcase classname="com.crm.GenericUtility.Base_Class" name="@AfterSuite close_database_connection" time="0.0">
    <ignored/>
  </testcase> <!-- @AfterSuite close_database_connection -->
  <testcase classname="com.crm.GenericUtility.Base_Class" name="@AfterSuite close_database_connection" time="0.0">
    <ignored/>
  </testcase> <!-- @AfterSuite close_database_connection -->
  <testcase classname="com.crm.GenericUtility.Base_Class" name="@AfterTest close_parallel_execution" time="0.0">
    <ignored/>
  </testcase> <!-- @AfterTest close_parallel_execution -->
  <testcase classname="com.crm.GenericUtility.Base_Class" name="@AfterTest close_parallel_execution" time="0.0">
    <ignored/>
  </testcase> <!-- @AfterTest close_parallel_execution -->
  <testcase classname="com.crm.GenericUtility.Base_Class" name="@AfterTest close_parallel_execution" time="0.0">
    <ignored/>
  </testcase> <!-- @AfterTest close_parallel_execution -->
  <testcase classname="com.crm.GenericUtility.Base_Class" name="@AfterTest close_parallel_execution" time="0.0">
    <ignored/>
  </testcase> <!-- @AfterTest close_parallel_execution -->
  <testcase classname="com.crm.GenericUtility.Base_Class" name="@AfterTest close_parallel_execution" time="0.0">
    <ignored/>
  </testcase> <!-- @AfterTest close_parallel_execution -->
</testsuite> <!-- Test3 -->
