<?xml version="1.0" encoding="UTF-8"?>
<!-- Generated by org.testng.reporters.JUnitXMLReporter -->
<testsuite hostname="PunitRanjan2105" ignored="8" name="Test2" tests="3" failures="0" timestamp="2022-03-28T17:37:36 IST" time="106.111" errors="0">
  <testcase name="create_purchase_order" time="44.195" classname="com.createPurchaseOrder.CreatePurchaseOrderTest"/>
  <testcase name="create_campaign_with_product" time="14.825" classname="com.CampaignWithProduct.CreateCampaignWithProduct_Test"/>
  <testcase name="create_product" time="12.127" classname="com.Create_Product.CreateProductTest"/>
  <testcase name="@BeforeSuite database_connection" time="0.0" classname="com.crm.GenericUtility.Base_Class">
    <ignored/>
  </testcase> <!-- @BeforeSuite database_connection -->
  <testcase name="@BeforeSuite database_connection" time="0.0" classname="com.crm.GenericUtility.Base_Class">
    <ignored/>
  </testcase> <!-- @BeforeSuite database_connection -->
  <testcase name="@AfterSuite close_database_connection" time="0.0" classname="com.crm.GenericUtility.Base_Class">
    <ignored/>
  </testcase> <!-- @AfterSuite close_database_connection -->
  <testcase name="@AfterSuite close_database_connection" time="0.0" classname="com.crm.GenericUtility.Base_Class">
    <ignored/>
  </testcase> <!-- @AfterSuite close_database_connection -->
  <testcase name="@BeforeTest before_test" time="0.0" classname="com.crm.GenericUtility.Base_Class">
    <ignored/>
  </testcase> <!-- @BeforeTest before_test -->
  <testcase name="@BeforeTest before_test" time="0.0" classname="com.crm.GenericUtility.Base_Class">
    <ignored/>
  </testcase> <!-- @BeforeTest before_test -->
  <testcase name="@AfterTest close_parallel_execution" time="0.0" classname="com.crm.GenericUtility.Base_Class">
    <ignored/>
  </testcase> <!-- @AfterTest close_parallel_execution -->
  <testcase name="@AfterTest close_parallel_execution" time="0.0" classname="com.crm.GenericUtility.Base_Class">
    <ignored/>
  </testcase> <!-- @AfterTest close_parallel_execution -->
</testsuite> <!-- Test2 -->
