<?xml version="1.0" encoding="UTF-8"?>
<!-- Generated by org.testng.reporters.JUnitXMLReporter -->
<testsuite hostname="PunitRanjan2105" ignored="4" name="Test1" tests="2" failures="0" timestamp="2022-03-28T17:36:58 IST" time="68.51" errors="0">
  <testcase name="create_organization_with_industry" time="21.671" classname="com.createOrganizationIndustry.CreateOrganizationwithIndustryTest"/>
  <testcase name="create_campaign_with_product" time="19.991" classname="com.CampaignWithProduct.CreateCampaignWithProduct_Test"/>
  <testcase name="@BeforeSuite database_connection" time="0.0" classname="com.crm.GenericUtility.Base_Class">
    <ignored/>
  </testcase> <!-- @BeforeSuite database_connection -->
  <testcase name="@AfterSuite close_database_connection" time="0.0" classname="com.crm.GenericUtility.Base_Class">
    <ignored/>
  </testcase> <!-- @AfterSuite close_database_connection -->
  <testcase name="@BeforeTest before_test" time="0.0" classname="com.crm.GenericUtility.Base_Class">
    <ignored/>
  </testcase> <!-- @BeforeTest before_test -->
  <testcase name="@AfterTest close_parallel_execution" time="0.0" classname="com.crm.GenericUtility.Base_Class">
    <ignored/>
  </testcase> <!-- @AfterTest close_parallel_execution -->
</testsuite> <!-- Test1 -->
